<?xml version="1.0" encoding="UTF-8"?>
<testng-results ignored="0" total="3" passed="3" failed="0" skipped="0">
  <reporter-output>
  </reporter-output>
  <suite started-at="2023-03-08T19:51:23 IST" name="MyProject" finished-at="2023-03-08T19:51:59 IST" duration-ms="35414">
    <groups>
    </groups>
    <test started-at="2023-03-08T19:51:23 IST" name="BankingApp Test" finished-at="2023-03-08T19:51:59 IST" duration-ms="35414">
      <class name="com.inetbanking.Testcases.TC_AddNewCustomerTest_003">
        <test-method is-config="true" signature="setup(java.lang.String)[pri:0, instance:com.inetbanking.Testcases.TC_AddNewCustomerTest_003@158d2680]" started-at="2023-03-08T19:51:31 IST" name="setup" finished-at="2023-03-08T19:51:34 IST" duration-ms="3445" status="PASS">
          <params>
            <param index="0">
              <value>
                <![CDATA[chrome]]>
              </value>
            </param>
          </params>
          <reporter-output>
          </reporter-output>
        </test-method> <!-- setup -->
        <test-method signature="addnewCustomer()[pri:0, instance:com.inetbanking.Testcases.TC_AddNewCustomerTest_003@158d2680]" started-at="2023-03-08T19:51:34 IST" name="addnewCustomer" finished-at="2023-03-08T19:51:42 IST" duration-ms="8041" status="PASS">
          <reporter-output>
          </reporter-output>
        </test-method> <!-- addnewCustomer -->
        <test-method is-config="true" signature="tearDown()[pri:0, instance:com.inetbanking.Testcases.TC_AddNewCustomerTest_003@158d2680]" started-at="2023-03-08T19:51:42 IST" name="tearDown" finished-at="2023-03-08T19:51:43 IST" duration-ms="606" status="PASS">
          <reporter-output>
          </reporter-output>
        </test-method> <!-- tearDown -->
      </class> <!-- com.inetbanking.Testcases.TC_AddNewCustomerTest_003 -->
      <class name="com.inetbanking.Testcases.TC_EditCustomerTest_004">
        <test-method is-config="true" signature="setup(java.lang.String)[pri:0, instance:com.inetbanking.Testcases.TC_EditCustomerTest_004@77847718]" started-at="2023-03-08T19:51:43 IST" name="setup" finished-at="2023-03-08T19:51:47 IST" duration-ms="3532" status="PASS">
          <params>
            <param index="0">
              <value>
                <![CDATA[chrome]]>
              </value>
            </param>
          </params>
          <reporter-output>
          </reporter-output>
        </test-method> <!-- setup -->
        <test-method signature="editCustomer()[pri:0, instance:com.inetbanking.Testcases.TC_EditCustomerTest_004@77847718]" started-at="2023-03-08T19:51:47 IST" name="editCustomer" finished-at="2023-03-08T19:51:58 IST" duration-ms="11411" status="PASS">
          <reporter-output>
          </reporter-output>
        </test-method> <!-- editCustomer -->
        <test-method is-config="true" signature="tearDown()[pri:0, instance:com.inetbanking.Testcases.TC_EditCustomerTest_004@77847718]" started-at="2023-03-08T19:51:58 IST" name="tearDown" finished-at="2023-03-08T19:51:59 IST" duration-ms="672" status="PASS">
          <reporter-output>
          </reporter-output>
        </test-method> <!-- tearDown -->
      </class> <!-- com.inetbanking.Testcases.TC_EditCustomerTest_004 -->
      <class name="com.inetbanking.Testcases.TC_LoginTest_001">
        <test-method is-config="true" signature="setup(java.lang.String)[pri:0, instance:com.inetbanking.Testcases.TC_LoginTest_001@1d2adfbe]" started-at="2023-03-08T19:51:23 IST" name="setup" finished-at="2023-03-08T19:51:28 IST" duration-ms="4981" status="PASS">
          <params>
            <param index="0">
              <value>
                <![CDATA[chrome]]>
              </value>
            </param>
          </params>
          <reporter-output>
          </reporter-output>
        </test-method> <!-- setup -->
        <test-method signature="setLogin()[pri:0, instance:com.inetbanking.Testcases.TC_LoginTest_001@1d2adfbe]" started-at="2023-03-08T19:51:28 IST" name="setLogin" finished-at="2023-03-08T19:51:30 IST" duration-ms="2175" status="PASS">
          <reporter-output>
          </reporter-output>
        </test-method> <!-- setLogin -->
        <test-method is-config="true" signature="tearDown()[pri:0, instance:com.inetbanking.Testcases.TC_LoginTest_001@1d2adfbe]" started-at="2023-03-08T19:51:31 IST" name="tearDown" finished-at="2023-03-08T19:51:31 IST" duration-ms="391" status="PASS">
          <reporter-output>
          </reporter-output>
        </test-method> <!-- tearDown -->
      </class> <!-- com.inetbanking.Testcases.TC_LoginTest_001 -->
    </test> <!-- BankingApp Test -->
  </suite> <!-- MyProject -->
</testng-results>
