<?xml version="1.0" encoding="UTF-8"?>
<!-- Generated by org.testng.reporters.JUnitXMLReporter -->
<testsuite ignored="0" hostname="LAPTOP-IFL45L56" failures="0" tests="3" name="BankingApp Test" time="35.414" errors="0" timestamp="2023-03-08T19:51:59 IST">
  <testcase classname="com.inetbanking.Testcases.TC_LoginTest_001" name="setLogin" time="2.175"/>
  <testcase classname="com.inetbanking.Testcases.TC_AddNewCustomerTest_003" name="addnewCustomer" time="8.041"/>
  <testcase classname="com.inetbanking.Testcases.TC_EditCustomerTest_004" name="editCustomer" time="11.411"/>
</testsuite> <!-- BankingApp Test -->
