<?xml version="1.0" encoding="UTF-8"?>
<!-- Generated by org.testng.reporters.JUnitXMLReporter -->
<testsuite ignored="0" hostname="LAPTOP-IFL45L56" failures="0" tests="3" name="BankingApp Test" time="33.367" errors="0" timestamp="2023-03-09T12:26:27 IST">
  <testcase classname="com.inetbanking.Testcases.TC_LoginTest_001" name="setLogin" time="1.669"/>
  <testcase classname="com.inetbanking.Testcases.TC_AddNewCustomerTest_003" name="addnewCustomer" time="9.76"/>
  <testcase classname="com.inetbanking.Testcases.TC_EditCustomerTest_004" name="editCustomer" time="8.583"/>
</testsuite> <!-- BankingApp Test -->
